Migration script called on 2011-12-05 10:59:04.719212

======= Migration to 3.2.0 =======

 + Migration for unity mutter.
   Current app list is: ['ubiquity-gtkui.desktop', 'nautilus-home.desktop', 'firefox.desktop', 'libreoffice-writer.desktop', 'libreoffice-calc.desktop', 'libreoffice-impress.desktop', 'ubuntu-software-center.desktop', 'ubuntuone-installer.desktop', 'gnome-control-center.desktop']
   Candidates are: []
 + Migration for netbook-launcher favorites.
   Current app list is: ['ubiquity-gtkui.desktop', 'nautilus-home.desktop', 'firefox.desktop', 'libreoffice-writer.desktop', 'libreoffice-calc.desktop', 'libreoffice-impress.desktop', 'ubuntu-software-center.desktop', 'ubuntuone-installer.desktop', 'gnome-control-center.desktop']
   Candidates are: []
 + Migration for gnome-panel items.
   Current app list is: ['ubiquity-gtkui.desktop', 'nautilus-home.desktop', 'firefox.desktop', 'libreoffice-writer.desktop', 'libreoffice-calc.desktop', 'libreoffice-impress.desktop', 'ubuntu-software-center.desktop', 'ubuntuone-installer.desktop', 'gnome-control-center.desktop']
   Candidates are: []
 + Migration for desktop items in /home/oem/Desktop.
   Current app list is: ['ubiquity-gtkui.desktop', 'nautilus-home.desktop', 'firefox.desktop', 'libreoffice-writer.desktop', 'libreoffice-calc.desktop', 'libreoffice-impress.desktop', 'ubuntu-software-center.desktop', 'ubuntuone-installer.desktop', 'gnome-control-center.desktop']
   Candidates are: ['/home/oem/Desktop/libreoffice-impress.desktop', '/home/oem/Desktop/libreoffice-writer.desktop', '/home/oem/Desktop/gimp.desktop', '/home/oem/Desktop/libreoffice-calc.desktop', '/home/oem/Desktop/firefox.desktop']
    == /home/oem/Desktop/libreoffice-impress.desktop: exists
    Similar Cairo-Dock -like desktop file name with system desktop file
    Coherent exec key found with system desktop file
    /home/oem/Desktop/libreoffice-impress.desktop: real entry is libreoffice-impress.desktop
    --- NOT adding libreoffice-impress.desktop as already in app_list
    == /home/oem/Desktop/libreoffice-writer.desktop: exists
    Similar Cairo-Dock -like desktop file name with system desktop file
    Coherent exec key found with system desktop file
    /home/oem/Desktop/libreoffice-writer.desktop: real entry is libreoffice-writer.desktop
    --- NOT adding libreoffice-writer.desktop as already in app_list
    == /home/oem/Desktop/gimp.desktop: exists
    Similar Cairo-Dock -like desktop file name with system desktop file
    Coherent exec key found with system desktop file
    /home/oem/Desktop/gimp.desktop: real entry is gimp.desktop
    --- adding gimp.desktop as not in app_list
    == /home/oem/Desktop/libreoffice-calc.desktop: exists
    Similar Cairo-Dock -like desktop file name with system desktop file
    Coherent exec key found with system desktop file
    /home/oem/Desktop/libreoffice-calc.desktop: real entry is libreoffice-calc.desktop
    --- NOT adding libreoffice-calc.desktop as already in app_list
    == /home/oem/Desktop/firefox.desktop: exists
    Similar Cairo-Dock -like desktop file name with system desktop file
    Coherent exec key found with system desktop file
    /home/oem/Desktop/firefox.desktop: real entry is firefox.desktop
    --- NOT adding firefox.desktop as already in app_list
======= Migration to 3.2.10 =======

 + Migration for awn favorites.
   Current app list is: ['ubiquity-gtkui.desktop', 'nautilus-home.desktop', 'firefox.desktop', 'libreoffice-writer.desktop', 'libreoffice-calc.desktop', 'libreoffice-impress.desktop', 'ubuntu-software-center.desktop', 'ubuntuone-installer.desktop', 'gnome-control-center.desktop', 'gimp.desktop']
   Candidates are: []
 + Can't migrate Cairo-Dock as /home/oem/.config/cairo-dock/current_theme/launchers doesn't exist
Migration script ended successfully


