2011-12-05 11:01:04,231:231.862068176 - ubuntu-sso-login - INFO - Starting Ubuntu SSO login manager for bus 'com.ubuntu.sso'.
2011-12-05 11:01:04,235:235.383033752 - ubuntu_sso.account - INFO - Created a new SSO access layer for service url 'https://login.ubuntu.com/api/1.0'
2011-12-05 12:23:27,400:400.994062424 - ubuntu-sso-login - INFO - Starting Ubuntu SSO login manager for bus 'com.ubuntu.sso'.
2011-12-05 12:23:27,408:408.757925034 - ubuntu_sso.account - INFO - Created a new SSO access layer for service url 'https://login.ubuntu.com/api/1.0'
2011-12-05 12:23:27,490:490.935087204 - ubuntu_sso.credentials - INFO - find_credentials: self.app_name dbus.String(u'Ubuntu Software Center'), result is {}? True
2011-12-05 12:23:27,491:491.269111633 - ubuntu_sso.main - INFO - CredentialsManagement: emitting CredentialsNotFound with app_name "Ubuntu Software Center".
2011-12-07 10:00:06,986:986.476898193 - ubuntu-sso-login - INFO - Starting Ubuntu SSO login manager for bus 'com.ubuntu.sso'.
2011-12-07 10:00:07,002:2.57897377014 - ubuntu_sso.account - INFO - Created a new SSO access layer for service url 'https://login.ubuntu.com/api/1.0'
2011-12-07 10:00:07,088:88.4199142456 - ubuntu_sso.credentials - INFO - find_credentials: self.app_name dbus.String(u'Ubuntu Software Center'), result is {}? True
2011-12-07 10:00:07,088:88.7749195099 - ubuntu_sso.main - INFO - CredentialsManagement: emitting CredentialsNotFound with app_name "Ubuntu Software Center".
2011-12-07 10:00:17,092:92.8089618683 - ubuntu_sso.main - INFO - Shutting down, calling <built-in function main_quit>.
2011-12-07 10:05:07,806:806.525945663 - ubuntu-sso-login - INFO - Starting Ubuntu SSO login manager for bus 'com.ubuntu.sso'.
2011-12-07 10:05:07,811:811.007976532 - ubuntu_sso.account - INFO - Created a new SSO access layer for service url 'https://login.ubuntu.com/api/1.0'
2011-12-07 10:05:07,828:828.381061554 - ubuntu_sso.credentials - INFO - find_credentials: self.app_name dbus.String(u'Ubuntu Software Center'), result is {}? True
2011-12-07 10:05:07,828:828.622102737 - ubuntu_sso.main - INFO - CredentialsManagement: emitting CredentialsNotFound with app_name "Ubuntu Software Center".
2011-12-07 10:05:17,839:839.096069336 - ubuntu_sso.main - INFO - Shutting down, calling <built-in function main_quit>.
2011-12-07 10:10:15,275:275.203943253 - ubuntu-sso-login - INFO - Starting Ubuntu SSO login manager for bus 'com.ubuntu.sso'.
2011-12-07 10:10:15,507:507.848024368 - ubuntu_sso.account - INFO - Created a new SSO access layer for service url 'https://login.ubuntu.com/api/1.0'
2011-12-07 10:10:15,671:671.103000641 - ubuntu_sso.credentials - INFO - find_credentials: self.app_name dbus.String(u'Ubuntu Software Center'), result is {}? True
2011-12-07 10:10:15,675:675.932884216 - ubuntu_sso.main - INFO - CredentialsManagement: emitting CredentialsNotFound with app_name "Ubuntu Software Center".
2011-12-07 10:10:25,676:676.789999008 - ubuntu_sso.main - INFO - Shutting down, calling <built-in function main_quit>.
